time="2021-01-17 16:17:41" level=warning Agent="Mozilla/5.0 (Macintosh; Intel Mac OS X 10_13_3) AppleWebKit/537.36 (KHTML, like Gecko) Chrome/87.0.4280.141 Safari/537.36" DataSize=0 HostName=xiaopingwangdeMacBook-Pro.local Ip="::1" Method=OPTIONS Path=/api/v1/login SpendTime="0 ms" status=404
time="2021-01-17 16:20:36" level=warning Agent="Mozilla/5.0 (Macintosh; Intel Mac OS X 10_13_3) AppleWebKit/537.36 (KHTML, like Gecko) Chrome/87.0.4280.141 Safari/537.36" DataSize=0 HostName=xiaopingwangdeMacBook-Pro.local Ip="::1" Method=OPTIONS Path=/api/v1/login SpendTime="0 ms" status=404
time="2021-01-17 16:20:46" level=warning Agent="Mozilla/5.0 (Macintosh; Intel Mac OS X 10_13_3) AppleWebKit/537.36 (KHTML, like Gecko) Chrome/87.0.4280.141 Safari/537.36" DataSize=0 HostName=xiaopingwangdeMacBook-Pro.local Ip="::1" Method=OPTIONS Path=/api/v1/login SpendTime="0 ms" status=404
time="2021-01-17 16:25:04" level=warning Agent="Mozilla/5.0 (Macintosh; Intel Mac OS X 10_13_3) AppleWebKit/537.36 (KHTML, like Gecko) Chrome/87.0.4280.141 Safari/537.36" DataSize=0 HostName=xiaopingwangdeMacBook-Pro.local Ip="::1" Method=OPTIONS Path=/api/v1/login SpendTime="0 ms" status=404
time="2021-01-17 16:28:34" level=warning Agent="Mozilla/5.0 (Macintosh; Intel Mac OS X 10_13_3) AppleWebKit/537.36 (KHTML, like Gecko) Chrome/87.0.4280.141 Safari/537.36" DataSize=0 HostName=xiaopingwangdeMacBook-Pro.local Ip="::1" Method=OPTIONS Path=/api/v1/login SpendTime="0 ms" status=404
time="2021-01-17 16:29:58" level=info Agent=PostmanRuntime/7.26.8 DataSize=55 HostName=xiaopingwangdeMacBook-Pro.local Ip="::1" Method=POST Path=/api/v1/user/add SpendTime="0 ms" status=200
time="2021-01-17 16:30:09" level=info Agent=PostmanRuntime/7.26.8 DataSize=256 HostName=xiaopingwangdeMacBook-Pro.local Ip="::1" Method=POST Path=/api/v1/user/add SpendTime="95 ms" status=200
time="2021-01-17 16:30:19" level=warning Agent="Mozilla/5.0 (Macintosh; Intel Mac OS X 10_13_3) AppleWebKit/537.36 (KHTML, like Gecko) Chrome/87.0.4280.141 Safari/537.36" DataSize=0 HostName=xiaopingwangdeMacBook-Pro.local Ip="::1" Method=OPTIONS Path=/api/v1/login SpendTime="0 ms" status=404
time="2021-01-17 16:30:33" level=warning Agent="Mozilla/5.0 (Macintosh; Intel Mac OS X 10_13_3) AppleWebKit/537.36 (KHTML, like Gecko) Chrome/87.0.4280.141 Safari/537.36" DataSize=0 HostName=xiaopingwangdeMacBook-Pro.local Ip="::1" Method=OPTIONS Path=/api/v1/login SpendTime="0 ms" status=404
time="2021-01-17 16:32:32" level=info Agent=PostmanRuntime/7.26.8 DataSize=54 HostName=xiaopingwangdeMacBook-Pro.local Ip="::1" Method=POST Path=/api/v1/login SpendTime="4 ms" status=200
time="2021-01-17 16:32:44" level=info Agent=PostmanRuntime/7.26.8 DataSize=57 HostName=xiaopingwangdeMacBook-Pro.local Ip="::1" Method=POST Path=/api/v1/login SpendTime="96 ms" status=200
time="2021-01-17 16:32:57" level=info Agent=PostmanRuntime/7.26.8 DataSize=51 HostName=xiaopingwangdeMacBook-Pro.local Ip="::1" Method=GET Path=/api/v1/user/list SpendTime="3 ms" status=200
time="2021-01-17 16:33:01" level=info Agent=PostmanRuntime/7.26.8 DataSize=51 HostName=xiaopingwangdeMacBook-Pro.local Ip="::1" Method=GET Path=/api/v1/user/list SpendTime="1 ms" status=200
time="2021-01-17 16:34:00" level=info Agent=PostmanRuntime/7.26.8 DataSize=195 HostName=xiaopingwangdeMacBook-Pro.local Ip="::1" Method=POST Path=/api/v1/login SpendTime="87 ms" status=200
time="2021-01-17 16:34:13" level=warning Agent="Mozilla/5.0 (Macintosh; Intel Mac OS X 10_13_3) AppleWebKit/537.36 (KHTML, like Gecko) Chrome/87.0.4280.141 Safari/537.36" DataSize=0 HostName=xiaopingwangdeMacBook-Pro.local Ip="::1" Method=OPTIONS Path=/api/v1/login SpendTime="0 ms" status=404
time="2021-01-17 16:34:14" level=warning Agent="Mozilla/5.0 (Macintosh; Intel Mac OS X 10_13_3) AppleWebKit/537.36 (KHTML, like Gecko) Chrome/87.0.4280.141 Safari/537.36" DataSize=0 HostName=xiaopingwangdeMacBook-Pro.local Ip="::1" Method=OPTIONS Path=/api/v1/login SpendTime="0 ms" status=404
time="2021-01-17 16:34:17" level=warning Agent="Mozilla/5.0 (Macintosh; Intel Mac OS X 10_13_3) AppleWebKit/537.36 (KHTML, like Gecko) Chrome/87.0.4280.141 Safari/537.36" DataSize=0 HostName=xiaopingwangdeMacBook-Pro.local Ip="::1" Method=OPTIONS Path=/api/v1/login SpendTime="0 ms" status=404
time="2021-01-17 16:37:34" level=warning Agent="Mozilla/5.0 (Macintosh; Intel Mac OS X 10_13_3) AppleWebKit/537.36 (KHTML, like Gecko) Chrome/87.0.4280.141 Safari/537.36" DataSize=0 HostName=xiaopingwangdeMacBook-Pro.local Ip="::1" Method=OPTIONS Path=/api/v1/login SpendTime="0 ms" status=404
time="2021-01-17 16:40:36" level=warning Agent="Mozilla/5.0 (Macintosh; Intel Mac OS X 10_13_3) AppleWebKit/537.36 (KHTML, like Gecko) Chrome/87.0.4280.141 Safari/537.36" DataSize=0 HostName=xiaopingwangdeMacBook-Pro.local Ip="::1" Method=OPTIONS Path=/api/v1/login SpendTime="0 ms" status=404
time="2021-01-17 16:41:36" level=info Agent=PostmanRuntime/7.26.8 DataSize=54 HostName=xiaopingwangdeMacBook-Pro.local Ip="::1" Method=POST Path=/api/v1/login SpendTime="1 ms" status=200
time="2021-01-17 16:41:50" level=info Agent=PostmanRuntime/7.26.8 DataSize=195 HostName=xiaopingwangdeMacBook-Pro.local Ip="::1" Method=POST Path=/api/v1/login SpendTime="81 ms" status=200
time="2021-01-17 16:43:09" level=warning Agent="Mozilla/5.0 (Macintosh; Intel Mac OS X 10_13_3) AppleWebKit/537.36 (KHTML, like Gecko) Chrome/87.0.4280.141 Safari/537.36" DataSize=0 HostName=xiaopingwangdeMacBook-Pro.local Ip="::1" Method=GET Path=/api/v1/login SpendTime="0 ms" status=404
time="2021-01-17 16:43:40" level=warning Agent="Mozilla/5.0 (Macintosh; Intel Mac OS X 10_13_3) AppleWebKit/537.36 (KHTML, like Gecko) Chrome/87.0.4280.141 Safari/537.36" DataSize=0 HostName=xiaopingwangdeMacBook-Pro.local Ip="::1" Method=GET Path=/api/v1/login SpendTime="0 ms" status=404
time="2021-01-17 16:43:40" level=warning Agent="Mozilla/5.0 (Macintosh; Intel Mac OS X 10_13_3) AppleWebKit/537.36 (KHTML, like Gecko) Chrome/87.0.4280.141 Safari/537.36" DataSize=0 HostName=xiaopingwangdeMacBook-Pro.local Ip="::1" Method=GET Path=/api/v1/login SpendTime="0 ms" status=404
time="2021-01-17 16:44:41" level=warning Agent="Mozilla/5.0 (Macintosh; Intel Mac OS X 10_13_3) AppleWebKit/537.36 (KHTML, like Gecko) Chrome/87.0.4280.141 Safari/537.36" DataSize=0 HostName=xiaopingwangdeMacBook-Pro.local Ip="::1" Method=OPTIONS Path=/api/v1/login SpendTime="0 ms" status=404
time="2021-01-17 16:44:43" level=warning Agent="Mozilla/5.0 (Macintosh; Intel Mac OS X 10_13_3) AppleWebKit/537.36 (KHTML, like Gecko) Chrome/87.0.4280.141 Safari/537.36" DataSize=0 HostName=xiaopingwangdeMacBook-Pro.local Ip="::1" Method=OPTIONS Path=/api/v1/login SpendTime="0 ms" status=404
time="2021-01-17 16:44:43" level=warning Agent="Mozilla/5.0 (Macintosh; Intel Mac OS X 10_13_3) AppleWebKit/537.36 (KHTML, like Gecko) Chrome/87.0.4280.141 Safari/537.36" DataSize=0 HostName=xiaopingwangdeMacBook-Pro.local Ip="::1" Method=OPTIONS Path=/api/v1/login SpendTime="0 ms" status=404
time="2021-01-17 16:44:43" level=warning Agent="Mozilla/5.0 (Macintosh; Intel Mac OS X 10_13_3) AppleWebKit/537.36 (KHTML, like Gecko) Chrome/87.0.4280.141 Safari/537.36" DataSize=0 HostName=xiaopingwangdeMacBook-Pro.local Ip="::1" Method=OPTIONS Path=/api/v1/login SpendTime="0 ms" status=404
time="2021-01-17 16:44:48" level=info Agent=PostmanRuntime/7.26.8 DataSize=195 HostName=xiaopingwangdeMacBook-Pro.local Ip="::1" Method=POST Path=/api/v1/login SpendTime="69 ms" status=200
time="2021-01-17 16:44:49" level=info Agent=PostmanRuntime/7.26.8 DataSize=195 HostName=xiaopingwangdeMacBook-Pro.local Ip="::1" Method=POST Path=/api/v1/login SpendTime="68 ms" status=200
time="2021-01-17 16:44:49" level=info Agent=PostmanRuntime/7.26.8 DataSize=195 HostName=xiaopingwangdeMacBook-Pro.local Ip="::1" Method=POST Path=/api/v1/login SpendTime="51 ms" status=200
time="2021-01-17 16:44:50" level=info Agent=PostmanRuntime/7.26.8 DataSize=195 HostName=xiaopingwangdeMacBook-Pro.local Ip="::1" Method=POST Path=/api/v1/login SpendTime="72 ms" status=200
time="2021-01-17 16:44:50" level=info Agent=PostmanRuntime/7.26.8 DataSize=195 HostName=xiaopingwangdeMacBook-Pro.local Ip="::1" Method=POST Path=/api/v1/login SpendTime="67 ms" status=200
time="2021-01-17 16:44:51" level=info Agent=PostmanRuntime/7.26.8 DataSize=195 HostName=xiaopingwangdeMacBook-Pro.local Ip="::1" Method=POST Path=/api/v1/login SpendTime="66 ms" status=200
