time="2021-01-22 17:00:02" level=warning Agent="Mozilla/5.0 (Macintosh; Intel Mac OS X 10_13_3) AppleWebKit/537.36 (KHTML, like Gecko) Chrome/87.0.4280.141 Safari/537.36" DataSize=0 HostName=xiaopingwangdeMacBook-Pro.local Ip="::1" Method=OPTIONS Path=/api/v1/login SpendTime="0 ms" status=404
time="2021-01-22 17:02:48" level=info Agent=PostmanRuntime/7.26.8 DataSize=195 HostName=xiaopingwangdeMacBook-Pro.local Ip="::1" Method=POST Path=/api/v1/login SpendTime="94 ms" status=200
time="2021-01-22 17:21:01" level=warning Agent="Mozilla/5.0 (Macintosh; Intel Mac OS X 10_13_3) AppleWebKit/537.36 (KHTML, like Gecko) Chrome/87.0.4280.141 Safari/537.36" DataSize=0 HostName=xiaopingwangdeMacBook-Pro.local Ip="::1" Method=OPTIONS Path=/api/v1/login SpendTime="0 ms" status=404
time="2021-01-22 17:21:06" level=warning Agent="Mozilla/5.0 (Macintosh; Intel Mac OS X 10_13_3) AppleWebKit/537.36 (KHTML, like Gecko) Chrome/87.0.4280.141 Safari/537.36" DataSize=0 HostName=xiaopingwangdeMacBook-Pro.local Ip="::1" Method=OPTIONS Path=/api/v1/login SpendTime="0 ms" status=404
time="2021-01-22 17:23:06" level=warning Agent="Mozilla/5.0 (Macintosh; Intel Mac OS X 10_13_3) AppleWebKit/537.36 (KHTML, like Gecko) Chrome/87.0.4280.141 Safari/537.36" DataSize=0 HostName=xiaopingwangdeMacBook-Pro.local Ip="::1" Method=OPTIONS Path=/api/v1/login SpendTime="0 ms" status=404
time="2021-01-22 17:33:23" level=warning Agent="Mozilla/5.0 (Macintosh; Intel Mac OS X 10_13_3) AppleWebKit/537.36 (KHTML, like Gecko) Chrome/87.0.4280.141 Safari/537.36" DataSize=0 HostName=xiaopingwangdeMacBook-Pro.local Ip="::1" Method=OPTIONS Path=/api/v1/login SpendTime="0 ms" status=404
time="2021-01-22 17:37:04" level=warning Agent="Mozilla/5.0 (Macintosh; Intel Mac OS X 10_13_3) AppleWebKit/537.36 (KHTML, like Gecko) Chrome/87.0.4280.141 Safari/537.36" DataSize=0 HostName=xiaopingwangdeMacBook-Pro.local Ip="::1" Method=OPTIONS Path=/api/v1/login SpendTime="0 ms" status=404
time="2021-01-22 17:44:05" level=warning Agent="Mozilla/5.0 (Macintosh; Intel Mac OS X 10_13_3) AppleWebKit/537.36 (KHTML, like Gecko) Chrome/87.0.4280.141 Safari/537.36" DataSize=0 HostName=xiaopingwangdeMacBook-Pro.local Ip="::1" Method=OPTIONS Path=/api/v1/login SpendTime="0 ms" status=404
time="2021-01-22 17:51:15" level=warning Agent="Mozilla/5.0 (Macintosh; Intel Mac OS X 10_13_3) AppleWebKit/537.36 (KHTML, like Gecko) Chrome/87.0.4280.141 Safari/537.36" DataSize=0 HostName=xiaopingwangdeMacBook-Pro.local Ip="::1" Method=OPTIONS Path=/api/v1/login SpendTime="0 ms" status=404
time="2021-01-22 20:37:48" level=warning Agent="Mozilla/5.0 (Macintosh; Intel Mac OS X 10_13_3) AppleWebKit/537.36 (KHTML, like Gecko) Chrome/87.0.4280.141 Safari/537.36" DataSize=0 HostName=xiaopingwangdeMacBook-Pro.local Ip="::1" Method=OPTIONS Path=/api/v1/login SpendTime="0 ms" status=404
time="2021-01-22 20:46:15" level=warning Agent="Mozilla/5.0 (Macintosh; Intel Mac OS X 10_13_3) AppleWebKit/537.36 (KHTML, like Gecko) Chrome/87.0.4280.141 Safari/537.36" DataSize=0 HostName=xiaopingwangdeMacBook-Pro.local Ip="::1" Method=OPTIONS Path=/api/v1/login SpendTime="0 ms" status=404
time="2021-01-22 21:02:20" level=warning Agent="Mozilla/5.0 (Macintosh; Intel Mac OS X 10_13_3) AppleWebKit/537.36 (KHTML, like Gecko) Chrome/87.0.4280.141 Safari/537.36" DataSize=0 HostName=xiaopingwangdeMacBook-Pro.local Ip="::1" Method=OPTIONS Path=/api/v1/login SpendTime="0 ms" status=404
time="2021-01-22 21:03:08" level=warning Agent="Mozilla/5.0 (Macintosh; Intel Mac OS X 10_13_3) AppleWebKit/537.36 (KHTML, like Gecko) Chrome/87.0.4280.141 Safari/537.36" DataSize=0 HostName=xiaopingwangdeMacBook-Pro.local Ip=127.0.0.1 Method=OPTIONS Path=/api/v1/login SpendTime="0 ms" status=404
time="2021-01-22 21:03:18" level=warning Agent="Mozilla/5.0 (Macintosh; Intel Mac OS X 10_13_3) AppleWebKit/537.36 (KHTML, like Gecko) Chrome/87.0.4280.141 Safari/537.36" DataSize=0 HostName=xiaopingwangdeMacBook-Pro.local Ip=127.0.0.1 Method=GET Path=/api/v1/login SpendTime="0 ms" status=404
time="2021-01-22 21:03:19" level=warning Agent="Mozilla/5.0 (Macintosh; Intel Mac OS X 10_13_3) AppleWebKit/537.36 (KHTML, like Gecko) Chrome/87.0.4280.141 Safari/537.36" DataSize=0 HostName=xiaopingwangdeMacBook-Pro.local Ip=127.0.0.1 Method=GET Path=/favicon.ico SpendTime="0 ms" status=404
time="2021-01-22 21:09:38" level=warning Agent="Mozilla/5.0 (Macintosh; Intel Mac OS X 10_13_3) AppleWebKit/537.36 (KHTML, like Gecko) Chrome/87.0.4280.141 Safari/537.36" DataSize=0 HostName=xiaopingwangdeMacBook-Pro.local Ip="::1" Method=OPTIONS Path=/api/v1/login SpendTime="0 ms" status=404
time="2021-01-22 21:10:15" level=info Agent=PostmanRuntime/7.26.8 DataSize=195 HostName=xiaopingwangdeMacBook-Pro.local Ip="::1" Method=POST Path=/api/v1/login SpendTime="104 ms" status=200
time="2021-01-22 21:10:35" level=warning Agent="Mozilla/5.0 (Macintosh; Intel Mac OS X 10_13_3) AppleWebKit/537.36 (KHTML, like Gecko) Chrome/87.0.4280.141 Safari/537.36" DataSize=0 HostName=xiaopingwangdeMacBook-Pro.local Ip="::1" Method=OPTIONS Path=/api/v1/login SpendTime="0 ms" status=404
time="2021-01-22 21:12:03" level=warning Agent="Mozilla/5.0 (Macintosh; Intel Mac OS X 10_13_3) AppleWebKit/537.36 (KHTML, like Gecko) Chrome/87.0.4280.141 Safari/537.36" DataSize=0 HostName=xiaopingwangdeMacBook-Pro.local Ip="::1" Method=OPTIONS Path=/api/v1/login SpendTime="0 ms" status=404
time="2021-01-22 21:17:29" level=warning Agent="Mozilla/5.0 (Macintosh; Intel Mac OS X 10_13_3) AppleWebKit/537.36 (KHTML, like Gecko) Chrome/87.0.4280.141 Safari/537.36" DataSize=0 HostName=xiaopingwangdeMacBook-Pro.local Ip="::1" Method=OPTIONS Path=/api/v1/login SpendTime="0 ms" status=404
time="2021-01-22 21:25:18" level=warning Agent="Mozilla/5.0 (Macintosh; Intel Mac OS X 10_13_3) AppleWebKit/537.36 (KHTML, like Gecko) Chrome/87.0.4280.141 Safari/537.36" DataSize=0 HostName=xiaopingwangdeMacBook-Pro.local Ip="::1" Method=OPTIONS Path=/api/v1/login SpendTime="0 ms" status=404
time="2021-01-22 21:25:48" level=warning Agent="Mozilla/5.0 (Macintosh; Intel Mac OS X 10_13_3) AppleWebKit/537.36 (KHTML, like Gecko) Chrome/87.0.4280.141 Safari/537.36" DataSize=0 HostName=xiaopingwangdeMacBook-Pro.local Ip="::1" Method=OPTIONS Path=/api/v1/login SpendTime="0 ms" status=404
